SYS:JFSPPROD > select * from v$instance;

INSTANCE_NUMBER INSTANCE_NAME                                                   
--------------- ----------------                                                
HOST_NAME                                                                       
----------------------------------------------------------------                
VERSION           STARTUP_T STATUS       PAR    THREAD# ARCHIVE LOG_SWITCH_WAIT 
----------------- --------- ------------ --- ---------- ------- --------------- 
LOGINS     SHU DATABASE_STATUS   INSTANCE_ROLE      ACTIVE_ST BLO               
---------- --- ----------------- ------------------ --------- ---               
              1 JFSPPROD                                                        
JFSBNKSRV121                                                                    
11.2.0.4.0        01-SEP-18 OPEN         NO           1 STARTED                 
ALLOWED    NO  ACTIVE            PRIMARY_INSTANCE   NORMAL    NO                
                                                                                

SYS:JFSPPROD > select syadte from dual;
select syadte from dual
       *
ERROR at line 1:
ORA-00904: "SYADTE": invalid identifier 


SYS:JFSPPROD > select sysdate from dual;

SYSDATE                                                                         
---------                                                                       
26-SEP-18                                                                       

SYS:JFSPPROD > set time on;
22:44:12 SYS:JFSPPROD > set lines 180 pages 400
22:44:21 SYS:JFSPPROD > sho parameter process;

NAME                                 TYPE                             VALUE                                                                                                         
------------------------------------ -------------------------------- ------------------------------                                                                                
aq_tm_processes                      integer                          1                                                                                                             
cell_offload_processing              boolean                          TRUE                                                                                                          
db_writer_processes                  integer                          10                                                                                                            
gcs_server_processes                 integer                          0                                                                                                             
global_txn_processes                 integer                          1                                                                                                             
job_queue_processes                  integer                          2                                                                                                             
log_archive_max_processes            integer                          6                                                                                                             
processes                            integer                          3500                                                                                                          
processor_group_name                 string                                                                                                                                         
22:44:32 SYS:JFSPPROD > alter system set processes=10000 scope=spfile;

System altered.

22:44:52 SYS:JFSPPROD > shut immediate;
Database closed.
Database dismounted.
ORACLE instance shut down.
22:47:31 SYS:JFSPPROD > 
22:47:31 SYS:JFSPPROD > startup;
ORA-32004: obsolete or deprecated parameter(s) specified for RDBMS instance
ORACLE instance started.

Total System Global Area 1.0636E+11 bytes                                                                                                                                           
Fixed Size                  2258912 bytes                                                                                                                                           
Variable Size            2.5770E+10 bytes                                                                                                                                           
Database Buffers         8.0531E+10 bytes                                                                                                                                           
Redo Buffers               57647104 bytes                                                                                                                                           
Database mounted.
Database opened.
22:48:39 SYS:JFSPPROD > select name,open_mode,log_mode,database_role from v$database;

NAME      OPEN_MODE            LOG_MODE     DATABASE_ROLE                                                                                                                           
--------- -------------------- ------------ ----------------                                                                                                                        
JFSPPROD  READ WRITE           ARCHIVELOG   PRIMARY                                                                                                                                 

22:48:57 SYS:JFSPPROD > 
22:48:59 SYS:JFSPPROD > 
22:48:59 SYS:JFSPPROD > 
22:48:59 SYS:JFSPPROD > sho parameter process;

NAME                                 TYPE                             VALUE                                                                                                         
------------------------------------ -------------------------------- ------------------------------                                                                                
aq_tm_processes                      integer                          1                                                                                                             
cell_offload_processing              boolean                          TRUE                                                                                                          
db_writer_processes                  integer                          10                                                                                                            
gcs_server_processes                 integer                          0                                                                                                             
global_txn_processes                 integer                          1                                                                                                             
job_queue_processes                  integer                          2                                                                                                             
log_archive_max_processes            integer                          6                                                                                                             
processes                            integer                          10000                                                                                                         
processor_group_name                 string                                                                                                                                         
22:49:05 SYS:JFSPPROD > 
22:49:07 SYS:JFSPPROD > 
22:49:07 SYS:JFSPPROD > 
22:49:07 SYS:JFSPPROD > spool off;
