SYS:JFSPPROD > select * from v$instance;

INSTANCE_NUMBER INSTANCE_NAME                                                   
--------------- ----------------                                                
HOST_NAME                                                                       
----------------------------------------------------------------                
VERSION           STARTUP_T STATUS       PAR    THREAD# ARCHIVE LOG_SWITCH_WAIT 
----------------- --------- ------------ --- ---------- ------- --------------- 
LOGINS     SHU DATABASE_STATUS   INSTANCE_ROLE      ACTIVE_ST BLO               
---------- --- ----------------- ------------------ --------- ---               
              1 JFSPPROD                                                        
JFSBNKSRV121                                                                    
11.2.0.4.0        01-JUL-18 OPEN         NO           1 STARTED                 
ALLOWED    NO  ACTIVE            PRIMARY_INSTANCE   NORMAL    NO                
                                                                                

SYS:JFSPPROD > set time on;
01:32:07 SYS:JFSPPROD > select sysdate from dual;

SYSDATE                                                                         
---------                                                                       
01-AUG-18                                                                       

01:32:15 SYS:JFSPPROD > 
01:32:16 SYS:JFSPPROD > 
01:32:16 SYS:JFSPPROD > shut immediate;
Database closed.
Database dismounted.
ORACLE instance shut down.
01:34:53 SYS:JFSPPROD > 
01:35:02 SYS:JFSPPROD > 
01:35:02 SYS:JFSPPROD > 
01:35:02 SYS:JFSPPROD > startup;
ORA-32004: obsolete or deprecated parameter(s) specified for RDBMS instance
ORACLE instance started.

Total System Global Area 1.0636E+11 bytes                                       
Fixed Size                  2258912 bytes                                       
Variable Size            2.5770E+10 bytes                                       
Database Buffers         8.0531E+10 bytes                                       
Redo Buffers               57647104 bytes                                       
Database mounted.
Database opened.
01:35:29 SYS:JFSPPROD > select name,open_mode,log_mode,database_role from v$database;

NAME      OPEN_MODE            LOG_MODE     DATABASE_ROLE                       
--------- -------------------- ------------ ----------------                    
JFSPPROD  READ WRITE           ARCHIVELOG   PRIMARY                             

01:35:44 SYS:JFSPPROD > 
01:35:44 SYS:JFSPPROD > 
01:35:45 SYS:JFSPPROD > 
01:35:45 SYS:JFSPPROD > spool off;
