
SYSTIMESTAMP                                                                    
---------------------------------------------------------------------------     
15-JUL-18 08.14.15.104896 AM +05:30                                             


OWNER                          INDEX_NAME                                       
------------------------------ ------------------------------                   
FCCHOST                        PK01_ACTB_HISTORY                                
FCCHOST                        IX01_ACTB_HISTORY                                
FCCHOST                        IX02_ACTB_HISTORY                                
FCCHOST                        IX05_ACTB_HISTORY                                


Session altered.


Index created.


SYSTIMESTAMP                                                                    
---------------------------------------------------------------------------     
15-JUL-18 08.49.34.374766 AM +05:30                                             


OWNER                          INDEX_NAME                                       
------------------------------ ------------------------------                   
FCCHOST                        PK01_ACTB_HISTORY                                
FCCHOST                        IX01_ACTB_HISTORY                                
FCCHOST                        IX02_ACTB_HISTORY                                
FCCHOST                        IX05_ACTB_HISTORY                                
FCCHOST                        IX03_ACTB_HISTORY                                

