$ export ORACLE_SID=JFSIIB
$
$ s

SQL*Plus: Release 12.2.0.1.0 Production on Thu Feb 14 01:03:31 2019

Copyright (c) 1982, 2017, Oracle.  All rights reserved.

Connected to an idle instance.

SYS:JFSIIB >
SYS:JFSIIB >
SYS:JFSIIB > startup

ORACLE instance started.

Total System Global Area 5368709120 bytes
Fixed Size                  8726016 bytes
Variable Size            1593838080 bytes
Database Buffers         3758096384 bytes
Redo Buffers                8048640 bytes
Database mounted.
Database opened.
SYS:JFSIIB > SYS:JFSIIB > select dbid,name,open_mode,log_mode,database_role from v$database;

      DBID NAME      OPEN_MODE            LOG_MODE     DATABASE_ROLE
---------- --------- -------------------- ------------ ----------------
2532992008 JFSIIB    READ WRITE           NOARCHIVELOG PRIMARY

SYS:JFSIIB >
SYS:JFSIIB > exit
Disconnected from Oracle Database 12c Enterprise Edition Release 12.2.0.1.0 - 64bit Production
$
$ export ORACLE_SID=CIBUAT
$
$ s

SQL*Plus: Release 12.2.0.1.0 Production on Thu Feb 14 01:04:35 2019

Copyright (c) 1982, 2017, Oracle.  All rights reserved.

Connected to an idle instance.

SYS:CIBUAT >
SYS:CIBUAT > startup
ORACLE instance started.

Total System Global Area 5368709120 bytes
Fixed Size                  8726016 bytes
Variable Size            1593838080 bytes
Database Buffers         3758096384 bytes
Redo Buffers                8048640 bytes
Database mounted.
Database opened.
SYS:CIBUAT > select dbid,name,open_mode,log_mode,database_role from v$database;

      DBID NAME      OPEN_MODE            LOG_MODE     DATABASE_ROLE
---------- --------- -------------------- ------------ ----------------
2450876876 CIBUAT    READ WRITE           NOARCHIVELOG PRIMARY

SYS:CIBUAT >
SYS:CIBUAT > exit
Disconnected from Oracle Database 12c Enterprise Edition Release 12.2.0.1.0 - 64bit Production
$
$ export ORACLE_SID=CKYCUAT
$
$ s

SQL*Plus: Release 12.2.0.1.0 Production on Thu Feb 14 01:05:18 2019

Copyright (c) 1982, 2017, Oracle.  All rights reserved.

Connected to an idle instance.

SYS:CKYCUAT >
SYS:CKYCUAT > startup
ORACLE instance started.

Total System Global Area 5368709120 bytes
Fixed Size                  8726016 bytes
Variable Size            1593838080 bytes
Database Buffers         3758096384 bytes
Redo Buffers                8048640 bytes
Database mounted.
Database opened.
SYS:CKYCUAT >
SYS:CKYCUAT >
SYS:CKYCUAT > select dbid,name,open_mode,log_mode,database_role from v$database;

      DBID NAME      OPEN_MODE            LOG_MODE     DATABASE_ROLE
---------- --------- -------------------- ------------ ----------------
1103781796 CKYCUAT   READ WRITE           NOARCHIVELOG PRIMARY

SYS:CKYCUAT >
SYS:CKYCUAT > exit
Disconnected from Oracle Database 12c Enterprise Edition Release 12.2.0.1.0 - 64bit Production
$
$ export ORACLE_SID=JFSEXPEN
$
$ s

SQL*Plus: Release 12.2.0.1.0 Production on Thu Feb 14 01:06:05 2019

Copyright (c) 1982, 2017, Oracle.  All rights reserved.

Connected to an idle instance.

SYS:JFSEXPEN >
SYS:JFSEXPEN > startup
ORACLE instance started.

Total System Global Area 1.6106E+10 bytes
Fixed Size                 15811600 bytes
Variable Size            2818575344 bytes
Database Buffers         1.3254E+10 bytes
Redo Buffers               17739776 bytes
Database mounted.
Database opened.
SYS:JFSEXPEN >
SYS:JFSEXPEN >
SYS:JFSEXPEN > select dbid,name,open_mode,log_mode,database_role from v$database;

      DBID NAME      OPEN_MODE            LOG_MODE     DATABASE_ROLE
---------- --------- -------------------- ------------ ----------------
1902522602 JFSEXPEN  READ WRITE           NOARCHIVELOG PRIMARY

SYS:JFSEXPEN >
SYS:JFSEXPEN > exit
Disconnected from Oracle Database 12c Enterprise Edition Release 12.2.0.1.0 - 64bit Production
$
$ export ORACLE_SID=EDWPRD
$
$ s

SQL*Plus: Release 12.2.0.1.0 Production on Thu Feb 14 01:06:49 2019

Copyright (c) 1982, 2017, Oracle.  All rights reserved.

Connected to an idle instance.

SYS:EDWPRD >
SYS:EDWPRD > startup
ORACLE instance started.

Total System Global Area 3221225472 bytes
Fixed Size                  8719856 bytes
Variable Size            1275068944 bytes
Database Buffers         1929379840 bytes
Redo Buffers                8056832 bytes
Database mounted.
Database opened.
SYS:EDWPRD > select dbid,name,open_mode,log_mode,database_role from v$database;

      DBID NAME      OPEN_MODE            LOG_MODE     DATABASE_ROLE
---------- --------- -------------------- ------------ ----------------
 960614480 EDWPRD    READ WRITE           NOARCHIVELOG PRIMARY

